2016-12-13 18:20:48,180 INFO[org.springframework.test.context.support.DefaultTestContextBootstrapper:259] - Loaded default TestExecutionListener class names from location [META-INF/spring.factories]: [org.springframework.test.context.web.ServletTestExecutionListener, org.springframework.test.context.support.DirtiesContextBeforeModesTestExecutionListener, org.springframework.test.context.support.DependencyInjectionTestExecutionListener, org.springframework.test.context.support.DirtiesContextTestExecutionListener, org.springframework.test.context.transaction.TransactionalTestExecutionListener, org.springframework.test.context.jdbc.SqlScriptsTestExecutionListener]
2016-12-13 18:20:48,251 INFO[org.springframework.test.context.support.DefaultTestContextBootstrapper:185] - Using TestExecutionListeners: [org.springframework.test.context.web.ServletTestExecutionListener@4149888e, org.springframework.test.context.support.DirtiesContextBeforeModesTestExecutionListener@42a4441e, org.springframework.test.context.support.DependencyInjectionTestExecutionListener@2e742fc0, org.springframework.test.context.support.DirtiesContextTestExecutionListener@4deafe13, org.springframework.test.context.transaction.TransactionalTestExecutionListener@7eceb95b, org.springframework.test.context.jdbc.SqlScriptsTestExecutionListener@35eb4667]
2016-12-13 18:20:48,495 INFO[org.springframework.beans.factory.xml.XmlBeanDefinitionReader:317] - Loading XML bean definitions from class path resource [spring.xml]
2016-12-13 18:20:49,140 INFO[org.springframework.context.support.GenericApplicationContext:574] - Refreshing org.springframework.context.support.GenericApplicationContext@2dcfde49: startup date [Tue Dec 13 18:20:49 CST 2016]; root of context hierarchy
2016-12-13 18:20:49,547 INFO[org.springframework.beans.factory.config.PropertyPlaceholderConfigurer:172] - Loading properties file from class path resource [jdbc.properties]
2016-12-13 18:20:51,353 INFO[com.alibaba.druid.pool.DruidDataSource:715] - {dataSource-1} inited
2016-12-13 18:20:51,812 INFO[org.springframework.context.support.GenericApplicationContext:954] - Closing org.springframework.context.support.GenericApplicationContext@2dcfde49: startup date [Tue Dec 13 18:20:49 CST 2016]; root of context hierarchy
2016-12-13 18:20:51,818 INFO[com.alibaba.druid.pool.DruidDataSource:1444] - {dataSource-1} closed
2016-12-29 16:53:03,561 INFO[org.springframework.test.context.support.DefaultTestContextBootstrapper:259] - Loaded default TestExecutionListener class names from location [META-INF/spring.factories]: [org.springframework.test.context.web.ServletTestExecutionListener, org.springframework.test.context.support.DirtiesContextBeforeModesTestExecutionListener, org.springframework.test.context.support.DependencyInjectionTestExecutionListener, org.springframework.test.context.support.DirtiesContextTestExecutionListener, org.springframework.test.context.transaction.TransactionalTestExecutionListener, org.springframework.test.context.jdbc.SqlScriptsTestExecutionListener]
2016-12-29 16:53:03,655 INFO[org.springframework.test.context.support.DefaultTestContextBootstrapper:185] - Using TestExecutionListeners: [org.springframework.test.context.web.ServletTestExecutionListener@60e5d9d2, org.springframework.test.context.support.DirtiesContextBeforeModesTestExecutionListener@123f9bb1, org.springframework.test.context.support.DependencyInjectionTestExecutionListener@e068ad3, org.springframework.test.context.support.DirtiesContextTestExecutionListener@4f8429d6, org.springframework.test.context.transaction.TransactionalTestExecutionListener@6dd6c962, org.springframework.test.context.jdbc.SqlScriptsTestExecutionListener@303f7944]
2016-12-29 16:53:04,103 INFO[org.springframework.beans.factory.xml.XmlBeanDefinitionReader:317] - Loading XML bean definitions from class path resource [spring/spring.xml]
2016-12-29 16:53:04,721 INFO[org.springframework.beans.factory.xml.XmlBeanDefinitionReader:317] - Loading XML bean definitions from class path resource [spring/spring-context-datasource.xml]
2016-12-29 16:53:04,952 INFO[org.springframework.beans.factory.xml.XmlBeanDefinitionReader:317] - Loading XML bean definitions from class path resource [spring/spring-context-media.xml]
2016-12-29 16:53:05,009 INFO[org.springframework.context.support.GenericApplicationContext:574] - Refreshing org.springframework.context.support.GenericApplicationContext@310c247a: startup date [Thu Dec 29 16:53:05 CST 2016]; root of context hierarchy
2016-12-29 16:53:07,590 INFO[com.alibaba.druid.pool.DruidDataSource:715] - {dataSource-1} inited
2016-12-29 16:53:08,145 INFO[org.springframework.context.support.GenericApplicationContext:954] - Closing org.springframework.context.support.GenericApplicationContext@310c247a: startup date [Thu Dec 29 16:53:05 CST 2016]; root of context hierarchy
2016-12-29 16:53:08,153 INFO[com.alibaba.druid.pool.DruidDataSource:1444] - {dataSource-1} closed
2016-12-29 16:54:20,108 INFO[org.springframework.test.context.support.DefaultTestContextBootstrapper:259] - Loaded default TestExecutionListener class names from location [META-INF/spring.factories]: [org.springframework.test.context.web.ServletTestExecutionListener, org.springframework.test.context.support.DirtiesContextBeforeModesTestExecutionListener, org.springframework.test.context.support.DependencyInjectionTestExecutionListener, org.springframework.test.context.support.DirtiesContextTestExecutionListener, org.springframework.test.context.transaction.TransactionalTestExecutionListener, org.springframework.test.context.jdbc.SqlScriptsTestExecutionListener]
2016-12-29 16:54:20,137 INFO[org.springframework.test.context.support.DefaultTestContextBootstrapper:185] - Using TestExecutionListeners: [org.springframework.test.context.web.ServletTestExecutionListener@7da707a0, org.springframework.test.context.support.DirtiesContextBeforeModesTestExecutionListener@60e5d9d2, org.springframework.test.context.support.DependencyInjectionTestExecutionListener@123f9bb1, org.springframework.test.context.support.DirtiesContextTestExecutionListener@e068ad3, org.springframework.test.context.transaction.TransactionalTestExecutionListener@4f8429d6, org.springframework.test.context.jdbc.SqlScriptsTestExecutionListener@6dd6c962]
2016-12-29 16:54:20,371 INFO[org.springframework.beans.factory.xml.XmlBeanDefinitionReader:317] - Loading XML bean definitions from class path resource [spring/spring.xml]
2016-12-29 16:54:20,887 INFO[org.springframework.beans.factory.xml.XmlBeanDefinitionReader:317] - Loading XML bean definitions from class path resource [spring/spring-context-datasource.xml]
2016-12-29 16:54:21,025 INFO[org.springframework.beans.factory.xml.XmlBeanDefinitionReader:317] - Loading XML bean definitions from class path resource [spring/spring-context-media.xml]
2016-12-29 16:54:21,093 INFO[org.springframework.context.support.GenericApplicationContext:574] - Refreshing org.springframework.context.support.GenericApplicationContext@4be525ab: startup date [Thu Dec 29 16:54:21 CST 2016]; root of context hierarchy
2016-12-29 16:54:23,314 INFO[com.alibaba.druid.pool.DruidDataSource:715] - {dataSource-1} inited
2016-12-29 16:54:23,997 INFO[org.springframework.context.support.GenericApplicationContext:954] - Closing org.springframework.context.support.GenericApplicationContext@4be525ab: startup date [Thu Dec 29 16:54:21 CST 2016]; root of context hierarchy
2016-12-29 16:54:24,003 INFO[com.alibaba.druid.pool.DruidDataSource:1444] - {dataSource-1} closed
